"R.version.3.6.1..2019.07.05."
"Platform: x86_64-pc-linux-gnu (64-bit)"
"Running under: Arch Linux"
"Matrix products: default"
"BLAS:   /usr/lib/libblas.so.3.8.0"
"LAPACK: /usr/lib/liblapack.so.3.8.0"
"locale:"
"[1] C"
"attached base packages:"
"[1] stats4    parallel  stats     graphics  grDevices utils     datasets "
"[8] methods   base     "
"other attached packages:"
" [1] MSnbase_2.10.1      ProtGenerics_1.16.0 S4Vectors_0.22.1   "
" [4] mzR_2.18.1          Rcpp_1.0.2          Biobase_2.44.0     "
" [7] BiocGenerics_0.30.0 MSstats_3.16.2      forcats_0.4.0      "
"[10] stringr_1.4.0       dplyr_0.8.3         purrr_0.3.3        "
"[13] readr_1.3.1         tidyr_1.0.0         tibble_2.1.3       "
"[16] ggplot2_3.2.1       tidyverse_1.2.1    "
"loaded via a namespace (and not attached):"
" [1] nlme_3.1-141          bitops_1.0-6          lubridate_1.7.4      "
" [4] doParallel_1.0.15     httr_1.4.1            tools_3.6.1          "
" [7] backports_1.1.5       affyio_1.54.0         R6_2.4.0             "
"[10] KernSmooth_2.23-16    lazyeval_0.2.2        colorspace_1.4-1     "
"[13] withr_2.1.2           tidyselect_0.2.5      compiler_3.6.1       "
"[16] preprocessCore_1.46.0 cli_1.1.0             rvest_0.3.4          "
"[19] xml2_1.2.2            caTools_1.17.1.2      scales_1.0.0         "
"[22] randomForest_4.6-14   affy_1.62.0           digest_0.6.22        "
"[25] minqa_1.2.4           pkgconfig_2.0.3       lme4_1.1-21          "
"[28] limma_3.40.6          rlang_0.4.1           readxl_1.3.1         "
"[31] rstudioapi_0.10       impute_1.58.0         generics_0.0.2       "
"[34] jsonlite_1.6          mzID_1.22.0           BiocParallel_1.18.1  "
"[37] gtools_3.8.1          magrittr_1.5          MALDIquant_1.19.3    "
"[40] Matrix_1.2-17         munsell_0.5.0         lifecycle_0.1.0      "
"[43] vsn_3.52.0            stringi_1.4.3         zlibbioc_1.30.0      "
"[46] MASS_7.3-51.4         gplots_3.0.1.1        plyr_1.8.4           "
"[49] grid_3.6.1            gdata_2.18.0          ggrepel_0.8.1        "
"[52] crayon_1.3.4          doSNOW_1.0.18         lattice_0.20-38      "
"[55] haven_2.1.1           splines_3.6.1         hms_0.5.1            "
"[58] zeallot_0.1.0         pillar_1.4.2          boot_1.3-23          "
"[61] reshape2_1.4.3        codetools_0.2-16      marray_1.62.0        "
"[64] XML_3.98-1.20         glue_1.3.1            BiocManager_1.30.9   "
"[67] pcaMethods_1.76.0     data.table_1.12.6     modelr_0.1.5         "
"[70] vctrs_0.2.0           nloptr_1.2.1          foreach_1.4.7        "
"[73] cellranger_1.1.0      gtable_0.3.0          assertthat_0.2.1     "
"[76] broom_0.5.2           ncdf4_1.17            survival_2.44-1.1    "
"[79] minpack.lm_1.2-1      snow_0.4-3            iterators_1.0.12     "
"[82] IRanges_2.18.3        statmod_1.4.32       "
" "
" "
"MSstats - dataProcess function"
" "
"The required input : provided - okay"
"summaryMethod : TMP"
"cutoffCensored : minFeature"
