"R.version.3.6.1..2019.07.05."
"Platform: x86_64-pc-linux-gnu (64-bit)"
"Running under: Arch Linux"
"Matrix products: default"
"BLAS:   /usr/lib/libblas.so.3.8.0"
"LAPACK: /usr/lib/liblapack.so.3.8.0"
"locale:"
"[1] C"
"attached base packages:"
"[1] stats4    parallel  stats     graphics  grDevices utils     datasets "
"[8] methods   base     "
"other attached packages:"
" [1] MSstats_3.16.2       MSnbase_2.10.1       ProtGenerics_1.16.0 "
" [4] S4Vectors_0.22.1     mzR_2.18.1           Rcpp_1.0.2          "
" [7] Biobase_2.44.0       BiocGenerics_0.30.0  msqrobsum_0.0.0.9000"
"[10] forcats_0.4.0        stringr_1.4.0        dplyr_0.8.3         "
"[13] purrr_0.3.2          readr_1.3.1          tidyr_1.0.0         "
"[16] tibble_2.1.3         ggplot2_3.2.1        tidyverse_1.2.1     "
"loaded via a namespace (and not attached):"
" [1] nlme_3.1-140          bitops_1.0-6          lubridate_1.7.4      "
" [4] doParallel_1.0.15     httr_1.4.1            tools_3.6.1          "
" [7] backports_1.1.5       utf8_1.1.4            R6_2.4.0             "
"[10] affyio_1.54.0         KernSmooth_2.23-15    lazyeval_0.2.2       "
"[13] colorspace_1.4-1      withr_2.1.2           tidyselect_0.2.5     "
"[16] compiler_3.6.1        preprocessCore_1.46.0 cli_1.1.0            "
"[19] rvest_0.3.4           xml2_1.2.2            caTools_1.17.1.2     "
"[22] scales_1.0.0          randomForest_4.6-14   affy_1.62.0          "
"[25] digest_0.6.21         minqa_1.2.4           pkgconfig_2.0.3      "
"[28] lme4_1.1-21           limma_3.40.6          rlang_0.4.0          "
"[31] readxl_1.3.1          rstudioapi_0.10       impute_1.58.0        "
"[34] generics_0.0.2        jsonlite_1.6          gtools_3.8.1         "
"[37] mzID_1.22.0           BiocParallel_1.18.1   magrittr_1.5         "
"[40] MALDIquant_1.19.3     Matrix_1.2-17         fansi_0.4.0          "
"[43] munsell_0.5.0         lifecycle_0.1.0       vsn_3.52.0           "
"[46] stringi_1.4.3         MASS_7.3-51.4         zlibbioc_1.30.0      "
"[49] gplots_3.0.1.1        plyr_1.8.4            grid_3.6.1           "
"[52] gdata_2.18.0          ggrepel_0.8.1         listenv_0.7.0        "
"[55] doSNOW_1.0.18         crayon_1.3.4          lattice_0.20-38      "
"[58] haven_2.1.1           splines_3.6.1         hms_0.5.1            "
"[61] zeallot_0.1.0         pillar_1.4.2          boot_1.3-22          "
"[64] reshape2_1.4.3        marray_1.62.0         future.apply_1.3.0   "
"[67] codetools_0.2-16      XML_3.98-1.20         glue_1.3.1           "
"[70] data.table_1.12.4     pcaMethods_1.76.0     BiocManager_1.30.4   "
"[73] modelr_0.1.5          vctrs_0.2.0           nloptr_1.2.1         "
"[76] foreach_1.4.7         cellranger_1.1.0      gtable_0.3.0         "
"[79] future_1.14.0         assertthat_0.2.1      broom_0.5.2          "
"[82] survival_2.44-1.1     ncdf4_1.16.1          snow_0.4-3           "
"[85] minpack.lm_1.2-1      iterators_1.0.12      IRanges_2.18.3       "
"[88] statmod_1.4.32        globals_0.12.4        ellipsis_0.3.0       "
" "
" "
"MSstats - dataProcess function"
" "
"The required input : provided - okay"
"summaryMethod : TMP"
"cutoffCensored : minFeature"
"censoredInt : NA"
"New input format : made new columns for analysis - okay"
"Logarithm transformation: log2 transformation is done - okay"
"Multiple fractionations are existed :  1 fractionations per MS replicate."
"fillIncompleteRows = TRUE"
"Balanced data format with NA for missing feature intensities - okay"
"Factorize in columns(GROUP, SUBJECT, GROUP_ORIGINAL, 
	                                  SUBJECT_ORIGINAL, SUBJECT_ORIGINAL_NESTED, FEATURE, RUN) - okay"
"Normalization : Constant normalization (equalize medians) - okay"
"** Log2 intensities under cutoff = 13.671  were considered as censored missing values."
"** Log2 intensities = NA were considered as censored missing values."
"** Use all features that the dataset origianally has."
"1 level of Isotope type labeling in this experiment"
"Summary of Features :"
"# of Protein : 2076"
"# of Peptides/Protein : 1-166"
"# of Transitions/Peptide : 1-1"
"Summary of Missingness :"
"  # transitions are completely missing in one condition: 359"
"    -> "
"KFYGPEGPYGVFAGR_2_NA_NA, LSAYQVTNLVPGTK_2_NA_NA, QYATLDVYNPFETR_2_NA_NA, NLHIPTMENGPELILR_3_NA_NA, GGIVDEGALLR_2_NA_NA"
" ..."
"  # run with 75% missing observations: 0"
"Processing data for analysis is done. - okay"
"the summarization per subplot is done.- okay : TMP"
" "
" "
"MSstats - groupComparison function"
" "
"labeled = FALSE"
"scopeOfBioReplication = expanded"
"Time course design of experiment - okay"
"*** error : results of Protein sp|O00526|UPK2_HUMANUroplakin-2OS=HomosapiensGN=UPK2PE=1SV=2 for comparison pTa-pT2+ are NA because there are measurements only in Group pTa."
"*** error : results of Protein sp|O94760|DDAH1_HUMANN(G),N(G)-dimethylargininedimethylaminohydrolase1OS=HomosapiensGN=DDAH1PE=1SV=3 for comparison pTa-pT2+ are NA because there are measurements only in Group pTa."
"*** error : results of Protein sp|P01877|IGHA2_HUMANIgalpha-2chainCregionOS=HomosapiensGN=IGHA2PE=1SV=3 for comparison pTa-pT2+ are NA because there are measurements only in Group pT2+."
"*** error : results of Protein sp|P02776|PLF4_HUMANPlateletfactor4OS=HomosapiensGN=PF4PE=1SV=2;sp|P10720|PF4V_HUMANPlateletfactor4variantOS=HomosapiensGN=PF4V1PE=1SV=1 for comparison pTa-pT2+ are NA because there are measurements only in Group pTa."
"*** error : results of Protein sp|P04208|LV106_HUMANIglambdachainV-IregionWAHOS=HomosapiensPE=1SV=1;sp|P01700|LV102_HUMANIglambdachainV-IregionHAOS=HomosapiensPE=1SV=1 for comparison pTa-pT2+ are NA because there are measurements only in Group pT2+."
"*** error : results of Protein sp|P14091|CATE_HUMANCathepsinEOS=HomosapiensGN=CTSEPE=1SV=2 for comparison pTa-pT2+ are NA because there are measurements only in Group pTa."
"*** error : results of Protein sp|P15090|FABP4_HUMANFattyacid-bindingprotein,adipocyteOS=HomosapiensGN=FABP4PE=1SV=3;sp|P02689|MYP2_HUMANMyelinP2proteinOS=HomosapiensGN=PMP2PE=1SV=3 for comparison pTa-pT2+ are NA because there are measurements only in Group pTa."
"*** error : results of Protein sp|P28799|GRN_HUMANGranulinsOS=HomosapiensGN=GRNPE=1SV=2 for comparison pTa-pT2+ are NA because there are measurements only in Group pT2+."
"*** error : results of Protein sp|P36405|ARL3_HUMANADP-ribosylationfactor-likeprotein3OS=HomosapiensGN=ARL3PE=1SV=2 for comparison pTa-pT2+ are NA because there are measurements only in Group pTa."
"*** error : results of Protein sp|P50135|HNMT_HUMANHistamineN-methyltransferaseOS=HomosapiensGN=HNMTPE=1SV=1 for comparison pTa-pT2+ are NA because there are measurements only in Group pTa."
"*** error : results of Protein sp|P51570|GALK1_HUMANGalactokinaseOS=HomosapiensGN=GALK1PE=1SV=1 for comparison pTa-pT2+ are NA because there are measurements only in Group pT2+."
"*** error : results of Protein sp|Q13620|CUL4B_HUMANCullin-4BOS=HomosapiensGN=CUL4BPE=1SV=4;sp|Q13619|CUL4A_HUMANCullin-4AOS=HomosapiensGN=CUL4APE=1SV=3 for comparison pTa-pT2+ are NA because there are measurements only in Group pT2+."
"*** error : results of Protein sp|Q14738|2A5D_HUMANSerine/threonine-proteinphosphatase2A56kDaregulatorysubunitdeltaisoformOS=HomosapiensGN=PPP2R5DPE=1SV=1;sp|Q13362|2A5G_HUMANSerine/threonine-proteinphosphatase2A56kDaregulatorysubunitgammaisoformOS=HomosapiensGN=PPP2R5CPE=1SV=3;sp|Q16537|2A5E_HUMANSerine/threonine-proteinphosphatase2A56kDaregulatorysubunitepsilonisoformOS=HomosapiensGN=PPP2R5EPE=1SV=1;sp|Q15173|2A5B_HUMANSerine/threonine-proteinphosphatase2A56kDaregulatorysubunitbetaisoformOS=HomosapiensGN=PPP2R5BPE=1SV=1 for comparison pTa-pT2+ are NA because there are measurements only in Group pT2+."
"*** error : results of Protein sp|Q15382|RHEB_HUMANGTP-bindingproteinRhebOS=HomosapiensGN=RHEBPE=1SV=1 for comparison pTa-pT2+ are NA because there are measurements only in Group pT2+."
"*** error : results of Protein sp|Q8NBJ7|SUMF2_HUMANSulfatase-modifyingfactor2OS=HomosapiensGN=SUMF2PE=1SV=2 for comparison pTa-pT2+ are NA because there are measurements only in Group pT2+."
"*** error : results of Protein sp|Q8WUP2|FBLI1_HUMANFilamin-bindingLIMprotein1OS=HomosapiensGN=FBLIM1PE=1SV=2 for comparison pTa-pT2+ are NA because there are measurements only in Group pTa."
"*** error : results of Protein sp|Q96IQ7|VSIG2_HUMANV-setandimmunoglobulindomain-containingprotein2OS=HomosapiensGN=VSIG2PE=1SV=1 for comparison pTa-pT2+ are NA because there are measurements only in Group pTa."
"*** error : results of Protein sp|Q96RQ3|MCCA_HUMANMethylcrotonoyl-CoAcarboxylasesubunitalpha,mitochondrialOS=HomosapiensGN=MCCC1PE=1SV=3 for comparison pTa-pT2+ are NA because there are measurements only in Group pTa."
"*** error : results of Protein sp|Q99426|TBCB_HUMANTubulin-foldingcofactorBOS=HomosapiensGN=TBCBPE=1SV=2 for comparison pTa-pT2+ are NA because there are measurements only in Group pTa."
"*** error : results of Protein sp|Q9BRG1|VPS25_HUMANVacuolarprotein-sorting-associatedprotein25OS=HomosapiensGN=VPS25PE=1SV=1 for comparison pTa-pT2+ are NA because there are measurements only in Group pT2+."
"*** error : results of Protein sp|Q9H0U3|MAGT1_HUMANMagnesiumtransporterprotein1OS=HomosapiensGN=MAGT1PE=1SV=1 for comparison pTa-pT2+ are NA because there are measurements only in Group pT2+."
"*** error : results of Protein sp|Q9HAV4|XPO5_HUMANExportin-5OS=HomosapiensGN=XPO5PE=1SV=1 for comparison pTa-pT2+ are NA because there are measurements only in Group pT2+."
"*** error : results of Protein sp|Q9UEY8|ADDG_HUMANGamma-adducinOS=HomosapiensGN=ADD3PE=1SV=1 for comparison pTa-pT2+ are NA because there are measurements only in Group pTa."
"Comparisons for all proteins are done.- okay"
"Adjust p-values per comparison are calculated - okay."
"Group comparison is done. - okay"
