"R.version.3.6.1..2019.07.05."
"Platform: x86_64-pc-linux-gnu (64-bit)"
"Running under: Arch Linux"
"Matrix products: default"
"BLAS:   /usr/lib/libblas.so.3.8.0"
"LAPACK: /usr/lib/liblapack.so.3.8.0"
"locale:"
"[1] C"
"attached base packages:"
"[1] stats4    parallel  stats     graphics  grDevices utils     datasets "
"[8] methods   base     "
"other attached packages:"
" [1] MSstats_3.16.2       MSnbase_2.10.1       ProtGenerics_1.16.0 "
" [4] S4Vectors_0.22.1     mzR_2.18.1           Rcpp_1.0.2          "
" [7] Biobase_2.44.0       BiocGenerics_0.30.0  msqrobsum_0.0.0.9000"
"[10] forcats_0.4.0        stringr_1.4.0        dplyr_0.8.3         "
"[13] purrr_0.3.2          readr_1.3.1          tidyr_1.0.0         "
"[16] tibble_2.1.3         ggplot2_3.2.1        tidyverse_1.2.1     "
"loaded via a namespace (and not attached):"
" [1] nlme_3.1-140          bitops_1.0-6          lubridate_1.7.4      "
" [4] doParallel_1.0.15     httr_1.4.1            tools_3.6.1          "
" [7] backports_1.1.5       utf8_1.1.4            R6_2.4.0             "
"[10] affyio_1.54.0         KernSmooth_2.23-15    lazyeval_0.2.2       "
"[13] colorspace_1.4-1      withr_2.1.2           tidyselect_0.2.5     "
"[16] compiler_3.6.1        preprocessCore_1.46.0 cli_1.1.0            "
"[19] rvest_0.3.4           xml2_1.2.2            caTools_1.17.1.2     "
"[22] scales_1.0.0          randomForest_4.6-14   affy_1.62.0          "
"[25] digest_0.6.21         minqa_1.2.4           pkgconfig_2.0.3      "
"[28] lme4_1.1-21           limma_3.40.6          rlang_0.4.0          "
"[31] readxl_1.3.1          rstudioapi_0.10       impute_1.58.0        "
"[34] generics_0.0.2        jsonlite_1.6          gtools_3.8.1         "
"[37] mzID_1.22.0           BiocParallel_1.18.1   magrittr_1.5         "
"[40] MALDIquant_1.19.3     Matrix_1.2-17         fansi_0.4.0          "
"[43] munsell_0.5.0         lifecycle_0.1.0       vsn_3.52.0           "
"[46] stringi_1.4.3         MASS_7.3-51.4         zlibbioc_1.30.0      "
"[49] gplots_3.0.1.1        plyr_1.8.4            grid_3.6.1           "
"[52] gdata_2.18.0          ggrepel_0.8.1         listenv_0.7.0        "
"[55] doSNOW_1.0.18         crayon_1.3.4          lattice_0.20-38      "
"[58] haven_2.1.1           splines_3.6.1         hms_0.5.1            "
"[61] zeallot_0.1.0         pillar_1.4.2          boot_1.3-22          "
"[64] reshape2_1.4.3        marray_1.62.0         future.apply_1.3.0   "
"[67] codetools_0.2-16      XML_3.98-1.20         glue_1.3.1           "
"[70] data.table_1.12.4     pcaMethods_1.76.0     BiocManager_1.30.4   "
"[73] modelr_0.1.5          vctrs_0.2.0           nloptr_1.2.1         "
"[76] foreach_1.4.7         cellranger_1.1.0      gtable_0.3.0         "
"[79] future_1.14.0         assertthat_0.2.1      broom_0.5.2          "
"[82] survival_2.44-1.1     ncdf4_1.16.1          snow_0.4-3           "
"[85] minpack.lm_1.2-1      iterators_1.0.12      IRanges_2.18.3       "
"[88] statmod_1.4.32        globals_0.12.4        ellipsis_0.3.0       "
" "
" "
"MSstats - dataProcess function"
" "
"The required input : provided - okay"
"summaryMethod : TMP"
"cutoffCensored : minFeature"
"censoredInt : NA"
"New input format : made new columns for analysis - okay"
"Logarithm transformation: log2 transformation is done - okay"
